19:37:34.947 [Test worker                   ] INFO  o.s.b.t.c.SpringBootTestContextBootstrapper                            - Neither @ContextConfiguration nor @ContextHierarchy found for test class [com.tasty.app.AppApplicationTests], using SpringBootContextLoader
19:37:34.957 [Test worker                   ] INFO  o.s.t.c.s.AbstractContextLoader                                        - Could not detect default resource locations for test class [com.tasty.app.AppApplicationTests]: no resource found for suffixes {-context.xml, Context.groovy}.
19:37:34.958 [Test worker                   ] INFO  o.s.t.c.s.AnnotationConfigContextLoaderUtils                           - Could not detect default configuration classes for test class [com.tasty.app.AppApplicationTests]: AppApplicationTests does not declare any static, non-private, non-final, nested classes annotated with @Configuration.
19:37:35.096 [Test worker                   ] INFO  o.s.b.t.c.SpringBootTestContextBootstrapper                            - Found @SpringBootConfiguration com.tasty.app.AppApplication for test class com.tasty.app.AppApplicationTests
19:37:35.204 [Test worker                   ] INFO  o.s.b.t.c.SpringBootTestContextBootstrapper                            - Loaded default TestExecutionListener class names from location [META-INF/spring.factories]: [org.springframework.boot.test.autoconfigure.restdocs.RestDocsTestExecutionListener, org.springframework.boot.test.autoconfigure.web.client.MockRestServiceServerResetTestExecutionListener, org.springframework.boot.test.autoconfigure.web.servlet.MockMvcPrintOnlyOnFailureTestExecutionListener, org.springframework.boot.test.autoconfigure.web.servlet.WebDriverTestExecutionListener, org.springframework.boot.test.autoconfigure.webservices.client.MockWebServiceServerTestExecutionListener, org.springframework.boot.test.mock.mockito.MockitoTestExecutionListener, org.springframework.boot.test.mock.mockito.ResetMocksTestExecutionListener, org.springframework.test.context.web.ServletTestExecutionListener, org.springframework.test.context.support.DirtiesContextBeforeModesTestExecutionListener, org.springframework.test.context.event.ApplicationEventsTestExecutionListener, org.springframework.test.context.support.DependencyInjectionTestExecutionListener, org.springframework.test.context.support.DirtiesContextTestExecutionListener, org.springframework.test.context.transaction.TransactionalTestExecutionListener, org.springframework.test.context.jdbc.SqlScriptsTestExecutionListener, org.springframework.test.context.event.EventPublishingTestExecutionListener]
19:37:35.224 [Test worker                   ] INFO  o.s.b.t.c.SpringBootTestContextBootstrapper                            - Using TestExecutionListeners: [org.springframework.test.context.web.ServletTestExecutionListener@41d7b27f, org.springframework.test.context.support.DirtiesContextBeforeModesTestExecutionListener@49096b06, org.springframework.test.context.event.ApplicationEventsTestExecutionListener@4a183d02, org.springframework.boot.test.mock.mockito.MockitoTestExecutionListener@5d05ef57, org.springframework.boot.test.autoconfigure.SpringBootDependencyInjectionTestExecutionListener@213deac2, org.springframework.test.context.support.DirtiesContextTestExecutionListener@23eee4b8, org.springframework.test.context.transaction.TransactionalTestExecutionListener@28952dea, org.springframework.test.context.jdbc.SqlScriptsTestExecutionListener@5a9800f8, org.springframework.test.context.event.EventPublishingTestExecutionListener@143d9a93, org.springframework.boot.test.autoconfigure.restdocs.RestDocsTestExecutionListener@40226788, org.springframework.boot.test.autoconfigure.web.client.MockRestServiceServerResetTestExecutionListener@4159e81b, org.springframework.boot.test.autoconfigure.web.servlet.MockMvcPrintOnlyOnFailureTestExecutionListener@5b5caf08, org.springframework.boot.test.autoconfigure.web.servlet.WebDriverTestExecutionListener@23cd4ff2, org.springframework.boot.test.autoconfigure.webservices.client.MockWebServiceServerTestExecutionListener@70807224, org.springframework.boot.test.mock.mockito.ResetMocksTestExecutionListener@7e97551f]
19:37:35.672 [Test worker                   ] INFO  com.tasty.app.AppApplicationTests                                      - Starting AppApplicationTests using Java 11.0.16.1 on DESKTOP-OI2N0AQ with PID 624 (started by s112123 in D:\workspace_tasty\app)
19:37:35.673 [Test worker                   ] INFO  com.tasty.app.AppApplicationTests                                      - The following 1 profile is active: "dev"
19:37:35.695 [background-preinit            ] INFO  o.h.validator.internal.util.Version                                    - HV000001: Hibernate Validator 6.2.5.Final
19:37:36.919 [Test worker                   ] INFO  o.s.d.r.c.RepositoryConfigurationDelegate                              - Bootstrapping Spring Data JPA repositories in DEFAULT mode.
19:37:36.957 [Test worker                   ] INFO  o.s.d.r.c.RepositoryConfigurationDelegate                              - Finished Spring Data repository scanning in 28 ms. Found 0 JPA repository interfaces.
19:37:37.635 [Test worker                   ] INFO  com.zaxxer.hikari.HikariDataSource                                     - HikariPool-1 - Starting...
19:37:38.055 [Test worker                   ] INFO  com.zaxxer.hikari.HikariDataSource                                     - HikariPool-1 - Start completed.
19:37:38.141 [Test worker                   ] INFO  o.h.jpa.internal.util.LogHelper                                        - HHH000204: Processing PersistenceUnitInfo [name: default]
19:37:38.211 [Test worker                   ] INFO  org.hibernate.Version                                                  - HHH000412: Hibernate ORM core version 5.6.12.Final
19:37:38.463 [Test worker                   ] INFO  o.h.annotations.common.Version                                         - HCANN000001: Hibernate Commons Annotations {5.1.2.Final}
19:37:38.668 [Test worker                   ] INFO  org.hibernate.dialect.Dialect                                          - HHH000400: Using dialect: org.hibernate.dialect.MySQL8Dialect
19:37:38.888 [Test worker                   ] INFO  o.h.e.t.j.p.i.JtaPlatformInitiator                                     - HHH000490: Using JtaPlatform implementation: [org.hibernate.engine.transaction.jta.platform.internal.NoJtaPlatform]
19:37:38.899 [Test worker                   ] INFO  o.s.o.j.LocalContainerEntityManagerFactoryBean                         - Initialized JPA EntityManagerFactory for persistence unit 'default'
19:37:39.893 [Test worker                   ] WARN  o.s.b.a.o.j.JpaBaseConfiguration$JpaWebConfiguration                   - spring.jpa.open-in-view is enabled by default. Therefore, database queries may be performed during view rendering. Explicitly configure spring.jpa.open-in-view to disable this warning
19:37:40.553 [Test worker                   ] INFO  o.s.b.a.w.s.WelcomePageHandlerMapping                                  - Adding welcome page template: index
19:37:41.126 [Test worker                   ] INFO  o.s.m.s.b.SimpleBrokerMessageHandler                                   - Starting...
19:37:41.127 [Test worker                   ] INFO  o.s.m.s.b.SimpleBrokerMessageHandler                                   - BrokerAvailabilityEvent[available=true, SimpleBrokerMessageHandler [org.springframework.messaging.simp.broker.DefaultSubscriptionRegistry@79735611]]
19:37:41.128 [Test worker                   ] INFO  o.s.m.s.b.SimpleBrokerMessageHandler                                   - Started.
19:37:41.138 [MessageBroker-1               ] INFO  c.t.a.i.schedule.FileScheduleUtils                                     - uploadDirPath=D:/upload/images/member/
19:37:41.138 [MessageBroker-1               ] INFO  c.t.a.i.schedule.FileScheduleUtils                                     - uploadDirPath=D:/upload/images/review/
19:37:41.142 [Test worker                   ] INFO  com.tasty.app.AppApplicationTests                                      - Started AppApplicationTests in 5.876 seconds (JVM running for 7.828)
19:37:41.497 [SpringApplicationShutdownHook ] INFO  o.s.m.s.b.SimpleBrokerMessageHandler                                   - Stopping...
19:37:41.497 [SpringApplicationShutdownHook ] INFO  o.s.m.s.b.SimpleBrokerMessageHandler                                   - BrokerAvailabilityEvent[available=false, SimpleBrokerMessageHandler [org.springframework.messaging.simp.broker.DefaultSubscriptionRegistry@79735611]]
19:37:41.497 [SpringApplicationShutdownHook ] INFO  o.s.m.s.b.SimpleBrokerMessageHandler                                   - Stopped.
19:37:41.504 [SpringApplicationShutdownHook ] INFO  o.s.o.j.LocalContainerEntityManagerFactoryBean                         - Closing JPA EntityManagerFactory for persistence unit 'default'
19:37:41.506 [SpringApplicationShutdownHook ] INFO  com.zaxxer.hikari.HikariDataSource                                     - HikariPool-1 - Shutdown initiated...
19:37:41.524 [SpringApplicationShutdownHook ] INFO  com.zaxxer.hikari.HikariDataSource                                     - HikariPool-1 - Shutdown completed.
