20:24:33.777 [background-preinit            ] INFO  o.h.validator.internal.util.Version                                    - HV000001: Hibernate Validator 6.2.5.Final
20:24:33.782 [main                          ] INFO  com.tasty.app.AppApplication                                           - Starting AppApplication using Java 11.0.16.1 on DESKTOP-OI2N0AQ with PID 9260 (D:\workspace_tasty\app\out\production\classes started by s112123 in D:\workspace_tasty\app)
20:24:33.784 [main                          ] INFO  com.tasty.app.AppApplication                                           - The following 1 profile is active: "dev"
20:24:34.998 [main                          ] INFO  o.s.d.r.c.RepositoryConfigurationDelegate                              - Bootstrapping Spring Data JPA repositories in DEFAULT mode.
20:24:35.035 [main                          ] INFO  o.s.d.r.c.RepositoryConfigurationDelegate                              - Finished Spring Data repository scanning in 26 ms. Found 0 JPA repository interfaces.
20:24:36.158 [main                          ] INFO  o.s.b.w.e.tomcat.TomcatWebServer                                       - Tomcat initialized with port(s): 8080 (http)
20:24:36.171 [main                          ] INFO  o.a.coyote.http11.Http11NioProtocol                                    - Initializing ProtocolHandler ["http-nio-8080"]
20:24:36.172 [main                          ] INFO  o.a.catalina.core.StandardService                                      - Starting service [Tomcat]
20:24:36.172 [main                          ] INFO  o.a.catalina.core.StandardEngine                                       - Starting Servlet engine: [Apache Tomcat/9.0.68]
20:24:36.379 [main                          ] INFO  o.a.c.c.C.[Tomcat].[localhost].[/]                                     - Initializing Spring embedded WebApplicationContext
20:24:36.380 [main                          ] INFO  o.s.b.w.s.c.ServletWebServerApplicationContext                         - Root WebApplicationContext: initialization completed in 2243 ms
20:24:36.539 [main                          ] INFO  com.zaxxer.hikari.HikariDataSource                                     - HikariPool-1 - Starting...
20:24:36.908 [main                          ] INFO  com.zaxxer.hikari.HikariDataSource                                     - HikariPool-1 - Start completed.
20:24:36.975 [main                          ] INFO  o.h.jpa.internal.util.LogHelper                                        - HHH000204: Processing PersistenceUnitInfo [name: default]
20:24:37.034 [main                          ] INFO  org.hibernate.Version                                                  - HHH000412: Hibernate ORM core version 5.6.12.Final
20:24:37.285 [main                          ] INFO  o.h.annotations.common.Version                                         - HCANN000001: Hibernate Commons Annotations {5.1.2.Final}
20:24:37.479 [main                          ] INFO  org.hibernate.dialect.Dialect                                          - HHH000400: Using dialect: org.hibernate.dialect.MySQL8Dialect
20:24:37.744 [main                          ] INFO  o.h.e.t.j.p.i.JtaPlatformInitiator                                     - HHH000490: Using JtaPlatform implementation: [org.hibernate.engine.transaction.jta.platform.internal.NoJtaPlatform]
20:24:37.757 [main                          ] INFO  o.s.o.j.LocalContainerEntityManagerFactoryBean                         - Initialized JPA EntityManagerFactory for persistence unit 'default'
20:24:38.473 [main                          ] WARN  o.s.b.a.o.j.JpaBaseConfiguration$JpaWebConfiguration                   - spring.jpa.open-in-view is enabled by default. Therefore, database queries may be performed during view rendering. Explicitly configure spring.jpa.open-in-view to disable this warning
20:24:38.698 [main                          ] INFO  o.s.b.a.w.s.WelcomePageHandlerMapping                                  - Adding welcome page template: index
20:24:39.028 [main                          ] INFO  o.a.coyote.http11.Http11NioProtocol                                    - Starting ProtocolHandler ["http-nio-8080"]
20:24:39.058 [main                          ] INFO  o.s.b.w.e.tomcat.TomcatWebServer                                       - Tomcat started on port(s): 8080 (http) with context path ''
20:24:39.060 [main                          ] INFO  o.s.m.s.b.SimpleBrokerMessageHandler                                   - Starting...
20:24:39.061 [main                          ] INFO  o.s.m.s.b.SimpleBrokerMessageHandler                                   - BrokerAvailabilityEvent[available=true, SimpleBrokerMessageHandler [org.springframework.messaging.simp.broker.DefaultSubscriptionRegistry@5f8d4b51]]
20:24:39.061 [main                          ] INFO  o.s.m.s.b.SimpleBrokerMessageHandler                                   - Started.
20:24:39.072 [MessageBroker-1               ] INFO  c.t.a.i.schedule.FileScheduleUtils                                     - uploadDirPath=D:/upload/images/member/
20:24:39.073 [MessageBroker-1               ] INFO  c.t.a.i.schedule.FileScheduleUtils                                     - uploadDirPath=D:/upload/images/review/
20:24:39.077 [main                          ] INFO  com.tasty.app.AppApplication                                           - Started AppApplication in 5.863 seconds (JVM running for 6.698)
20:25:38.453 [MessageBroker-2               ] INFO  o.s.w.s.c.WebSocketMessageBrokerStats                                  - WebSocketSession[0 current WS(0)-HttpStream(0)-HttpPoll(0), 0 total, 0 closed abnormally (0 connect failure, 0 send limit, 0 transport error)], stompSubProtocol[processed CONNECT(0)-CONNECTED(0)-DISCONNECT(0)], stompBrokerRelay[null], inboundChannel[pool size = 0, active threads = 0, queued tasks = 0, completed tasks = 0], outboundChannel[pool size = 0, active threads = 0, queued tasks = 0, completed tasks = 0], sockJsScheduler[pool size = 3, active threads = 1, queued tasks = 1, completed tasks = 1]
20:25:53.096 [SpringApplicationShutdownHook ] INFO  o.s.m.s.b.SimpleBrokerMessageHandler                                   - Stopping...
20:25:53.097 [SpringApplicationShutdownHook ] INFO  o.s.m.s.b.SimpleBrokerMessageHandler                                   - BrokerAvailabilityEvent[available=false, SimpleBrokerMessageHandler [org.springframework.messaging.simp.broker.DefaultSubscriptionRegistry@5f8d4b51]]
20:25:53.097 [SpringApplicationShutdownHook ] INFO  o.s.m.s.b.SimpleBrokerMessageHandler                                   - Stopped.
20:25:53.359 [SpringApplicationShutdownHook ] INFO  o.s.o.j.LocalContainerEntityManagerFactoryBean                         - Closing JPA EntityManagerFactory for persistence unit 'default'
20:25:53.362 [SpringApplicationShutdownHook ] INFO  com.zaxxer.hikari.HikariDataSource                                     - HikariPool-1 - Shutdown initiated...
20:25:53.374 [SpringApplicationShutdownHook ] INFO  com.zaxxer.hikari.HikariDataSource                                     - HikariPool-1 - Shutdown completed.
